[1/199] SKIP(downloaded): 新概念几何
[2/199] 数学解题学引论 | 罗增儒
   FAIL no_libgen_link (18.1s)
[3/199] SKIP(downloaded): 怎样解题
[4/199] SKIP(downloaded): 美学散步
[5/199] SKIP(downloaded): 美的历程
[6/199] SKIP(downloaded): 巨变：当代政治与经济的起源
[7/199] 自然界中的分形几何 | Mandelbrot
   OK [epub] 1358KB 10.8s  自然界中的分形几何__Mandelbrot.epub
[8/199] 能量的真相 | ?
   OK [epub] 541KB 13.1s  能量的真相.epub
[9/199] SKIP(downloaded): 规训与惩罚
[10/199] 英耀篇一 | ?
   FAIL no_search_result (7.2s)
[11/199] 时间的天文学 | ?
   FAIL no_search_result (6.5s)
[12/199] 集异壁之大成 | 侯世达
   OK [pdf] 40890KB 52.5s  集异壁之大成__侯世达.pdf
[13/199] 语文开窍 | ?
   FAIL no_libgen_link (31.9s)
[14/199] 特殊函数概论 | 王竹溪、郭敦仁
   OK [pdf] 15165KB 22.3s  特殊函数概论__王竹溪.pdf
[15/199] 天鹅图腾 | 姜戎
   OK [epub] 672KB 17.6s  天鹅图腾__姜戎.epub
[16/199] 人生 | 路遥
   OK [epub] 220KB 8.2s  人生__路遥.epub
[17/199] 注意力：专注的科学与训练 | 让-菲利普·拉夏
   OK [epub] 3414KB 15.5s  注意力：专注的科学与训练__让-菲利普·拉夏.epub
[18/199] 读书教学四十年 | 杨振宁
   OK [pdf] 530KB 12.6s  读书教学四十年__杨振宁.pdf
[19/199] 出圈 | 叶明桂
   OK [mobi] 981KB 8.5s  出圈__叶明桂.mobi
[20/199] 复分析：可视化方法 | ?
   OK [pdf] 47381KB 30.0s  复分析：可视化方法.pdf
[21/199] 君主论 | 马基雅维利
   OK [epub] 576KB 13.5s  君主论__马基雅维利.epub
[22/199] 逻辑哲学论 | 维特根斯坦
   OK [mobi] 450KB 10.6s  逻辑哲学论__维特根斯坦.mobi
[23/199] 穷查理宝典 | 查理·芒格
   OK [epub] 45877KB 34.3s  穷查理宝典__查理·芒格.epub
[24/199] 从牛顿、达尔文到巴菲特—投资的格栅理论 | ?
   OK [pdf] 4200KB 10.5s  从牛顿、达尔文到巴菲特—投资的格栅理论.pdf
[25/199] 枪炮、病菌与钢铁 | ?
   OK [epub] 9298KB 11.0s  枪炮、病菌与钢铁.epub
[26/199] 中国方术正考 | 李零
   OK [pdf] 24597KB 30.3s  中国方术正考__李零.pdf
[27/199] 数学家的眼界 | 张景中
   OK [pdf] 2718KB 98.3s  数学家的眼界__张景中.pdf
[28/199] 集合论基础教程 | 张峰、陶然
   OK [epub] 182KB 10.6s  集合论基础教程__张峰.epub
[29/199] 横空出世 / 原子弹出世记 / 原子弹秘史 | ?
   OK [azw3] 22713KB 48.7s  横空出世 _ 原子弹出世记 _ 原子弹秘史.azw3
[30/199] 当代中国政府与政治 | 景跃进等
   FAIL no_search_result (10.6s)
[31/199] 治理中国 | [美] 李侃如
   FAIL no_search_result (10.0s)
[32/199] 小镇喧嚣 | 吴毅
   OK [epub] 1021KB 9.7s  小镇喧嚣__吴毅.epub
[33/199] 跨越边界的社区：北京“浙江村”的生活史 | 项飙
   OK [epub] 20347KB 223.8s  跨越边界的社区：北京“浙江村”的生活史__项飙.epub
[34/199] 双面人：转型乡村中的人生、欲望与社会心态 | 谭同学
   OK [mobi] 2586KB 15.7s  双面人：转型乡村中的人生、欲望与社会心态__谭同学.mobi
[35/199] 房权政治：中国城市社区的业主维权 | 吴晓林
   OK [pdf] 105782KB 43.0s  房权政治：中国城市社区的业主维权__吴晓林.pdf
[36/199] 亚洲教父：香港、东南亚的金钱和权力 | [美] 乔·史塔威尔
   OK [azw3] 1413KB 9.4s  亚洲教父：香港、东南亚的金钱和权力.azw3
[37/199] 红色资本 | 卡尔·沃尔特 等
   OK [epub] 2353KB 110.9s  红色资本__卡尔·沃尔特 等.epub
[38/199] 筚路维艰 | 萧冬连
   OK [epub] 630KB 11.7s  筚路维艰__萧冬连.epub
[39/199] 江湖丛谈 | 连阔如
   OK [epub] 692KB 24.8s  江湖丛谈__连阔如.epub
[40/199] 如何阅读一本书 | 莫提默·J.艾德勒、查尔斯·范多伦
   OK [azw3] 1627KB 13.0s  如何阅读一本书__莫提默·J.艾德勒.azw3
[41/199] 芝加哥大学论文写作指南 | 凯特·L.杜拉宾
   OK [azw3] 11705KB 15.7s  芝加哥大学论文写作指南__凯特·L.杜拉宾.azw3
[42/199] 人生十二法则 | 乔丹·彼得森
   OK [epub] 3536KB 19.3s  人生十二法则__乔丹·彼得森.epub
[43/199] 科学作为天职 / 政治作为天职 | 马克斯·韦伯
   FAIL no_search_result (10.0s)
[44/199] 查拉斯图拉如是说 | 尼采
   OK [epub] 577KB 10.1s  查拉斯图拉如是说__尼采.epub
[45/199] 西方哲学史 | 罗素
   OK [epub] 824KB 15.8s  西方哲学史__罗素.epub
[46/199] 战争与和平 | 托尔斯泰
   OK [epub] 1619KB 14.1s  战争与和平__托尔斯泰.epub
[47/199] 六祖坛经 | ?
   FAIL no_search_result (5.6s)
[48/199] 鲁迅作品集 | 鲁迅
   FAIL no_libgen_link (164.4s)
[49/199] 包法利夫人 | 福楼拜
   OK [mobi] 746KB 96.6s  包法利夫人__福楼拜.mobi
[50/199] 变形记 / 审判 | 卡夫卡
   OK [azw3] 3414KB 15.9s  变形记 _ 审判__卡夫卡.azw3
[51/199] 红楼梦 | 曹雪芹
   OK [mobi] 3307KB 16.4s  红楼梦__曹雪芹.mobi
[52/199] 叔本华论说文集 | 叔本华
   FAIL no_libgen_link (117.6s)
[53/199] 人类简史 | ?
   OK [epub] 1573KB 52.7s  人类简史.epub
[54/199] 疯癫与文明 | 福柯
   OK [epub] 255KB 11.5s  疯癫与文明__福柯.epub
[55/199] 背德者 / 窄门 | 纪德
   OK [epub] 19088KB 16.0s  背德者 _ 窄门__纪德.epub
[56/199] 追忆似水年华 | 普鲁斯特
   OK [epub] 229KB 8.6s  追忆似水年华__普鲁斯特.epub
[57/199] 契诃夫短篇小说全集 | 契诃夫
   OK [epub] 799KB 9.3s  契诃夫短篇小说全集__契诃夫.epub
[58/199] 莎士比亚全集 | 莎士比亚
   OK [epub] 4016KB 11.4s  莎士比亚全集__莎士比亚.epub
[59/199] 以赛亚伯林文集 | ?
   OK [epub] 437KB 9.1s  以赛亚伯林文集.epub
[60/199] 安娜卡列尼娜 | 托尔斯泰
   OK [epub] 1737KB 15.2s  安娜卡列尼娜__托尔斯泰.epub
[61/199] 红与黑 | 司汤达
   OK [epub] 496KB 9.5s  红与黑__司汤达.epub
[62/199] 圣经新约 | ?
   OK [epub] 5437KB 10.0s  圣经新约.epub
[63/199] 卡拉马佐夫兄弟 | ?
   OK [epub] 961KB 15.7s  卡拉马佐夫兄弟.epub
[64/199] 史记 | 司马迁
   OK [epub] 997KB 10.9s  史记__司马迁.epub
[65/199] 杜工部集 | 杜甫
   OK [pdf] 5494KB 13.8s  杜工部集__杜甫.pdf
[66/199] 都柏林人 | 乔伊斯
   OK [epub] 2146KB 18.4s  都柏林人__乔伊斯.epub
[67/199] 河湾 | 奈保尔
   OK [pdf] 13191KB 17.4s  河湾__奈保尔.pdf
[68/199] 人生的智慧 | 叔本华
   OK [epub] 934KB 9.3s  人生的智慧__叔本华.epub
[69/199] 局外人 | 加缪
   OK [epub] 201KB 8.7s  局外人__加缪.epub
[70/199] 非理性的人 | 巴雷特
   OK [epub] 668KB 9.6s  非理性的人__巴雷特.epub
[71/199] 自私的基因 | 理查德·道金斯
   OK [epub] 1396KB 36.1s  自私的基因__理查德·道金斯.epub
[72/199] 个人形成论 | 罗杰斯
   OK [pdf] 9955KB 19.4s  个人形成论__罗杰斯.pdf
[73/199] 今日简史 | 尤瓦尔·赫拉利
   OK [epub] 613KB 10.1s  今日简史__尤瓦尔·赫拉利.epub
[74/199] 被讨厌的勇气 | 岸见一郎、古贺史健
   OK [epub] 215KB 10.8s  被讨厌的勇气__岸见一郎.epub
[75/199] 艺术的故事 | ?
   OK [epub] 22905KB 107.2s  艺术的故事.epub
[76/199] 异类 | ?
   OK [epub] 10986KB 10.2s  异类.epub
[77/199] 拖延心理学 | ?
   OK [epub] 507KB 9.2s  拖延心理学.epub
[78/199] 稀缺 | ?
   OK [epub] 477KB 11.1s  稀缺.epub
[79/199] 逃离 | 艾丽丝·门罗
   OK [epub] 353KB 12.8s  逃离__艾丽丝·门罗.epub
[80/199] 随机漫步的傻瓜 | 塔勒布
   OK [epub] 310KB 9.1s  随机漫步的傻瓜__塔勒布.epub
[81/199] 反脆弱 | 塔勒布
   OK [epub] 2302KB 8.5s  反脆弱__塔勒布.epub
[82/199] 非对称风险 | 塔勒布
   OK [epub] 4192KB 11.3s  非对称风险__塔勒布.epub
[83/199] 思考，快与慢 | 丹尼尔·卡尼曼
   OK [epub] 807KB 11.2s  思考，快与慢__丹尼尔·卡尼曼.epub
[84/199] 新生，七年就是一辈子 | 李笑来
   OK [epub] 4393KB 10.7s  新生，七年就是一辈子__李笑来.epub
[85/199] 对赌 | ?
   OK [epub] 536KB 12.6s  对赌.epub
[86/199] 明朝那些事儿 | 当年明月
   OK [epub] 629KB 13.4s  明朝那些事儿__当年明月.epub
[87/199] 月亮和六便士 | 毛姆
   OK [epub] 2352KB 16.3s  月亮和六便士__毛姆.epub
[88/199] 天意 | 钱莉芳
   OK [epub] 508KB 8.6s  天意__钱莉芳.epub
[89/199] 霍乱时期的爱情 | 加西亚·马尔克斯
   OK [epub] 443KB 10.4s  霍乱时期的爱情__加西亚·马尔克斯.epub
[90/199] 十万个为什么 | ?
   OK [epub] 290KB 9.3s  十万个为什么.epub
[91/199] 全球通史 | ?
   OK [epub] 53710KB 24.4s  全球通史.epub
[92/199] 第三帝国兴亡史 | ?
   OK [pdf] 52086KB 56.4s  第三帝国兴亡史.pdf
[93/199] 给我自由——一部美国的历史 | ?
   OK [epub] 11401KB 22.4s  给我自由——一部美国的历史.epub
[94/199] 孙子兵法 | 孙武
   OK [epub] 2055KB 33.0s  孙子兵法__孙武.epub
[95/199] 素书 | ?
   OK [epub] 234KB 21.2s  素书.epub
[96/199] 丑陋的日本人 | ?
   OK [epub] 110KB 17.0s  丑陋的日本人.epub
[97/199] 国富国穷 | ?
   FAIL dl_or_verify_fail (67.0s)
[98/199] 大国兴衰 | ?
   FAIL dl_or_verify_fail (156.8s)
[99/199] 美洲三书 | ?
   FAIL no_search_result (17.6s)
[100/199] 未来简史 | 尤瓦尔·赫拉利
   OK [epub] 8770KB 89.6s  未来简史__尤瓦尔·赫拉利.epub

=== DONE this run: ok=81 fail=13 skip=6 ===
