[1/199] 新概念几何 | 张景中
   OK [pdf] 3953KB 13.3s  新概念几何__张景中.pdf
[2/199] 数学解题学引论 | 罗增儒
   FAIL no_search_result (69.8s)
[3/199] 怎样解题 | 波利亚
   OK [epub] 932KB 10.8s  怎样解题__波利亚.epub
[4/199] 美学散步 | 宗白华
   OK [epub] 393KB 23.4s  美学散步__宗白华.epub
[5/199] 美的历程 | 李泽厚
   OK [mobi] 3854KB 14.1s  美的历程__李泽厚.mobi
[6/199] 巨变：当代政治与经济的起源 | 卡尔·波兰尼
   OK [azw3] 928KB 15.9s  巨变：当代政治与经济的起源__卡尔·波兰尼.azw3
[7/199] 自然界中的分形几何 | Mandelbrot
   FAIL no_libgen_link (119.4s)
[8/199] 能量的真相 | ?
   FAIL no_search_result (12.8s)
[9/199] 规训与惩罚 | 福柯
   OK [epub] 378KB 7.4s  规训与惩罚__福柯.epub
[10/199] 英耀篇一 | ?
   FAIL no_search_result (5.8s)

=== DONE this run: ok=6 fail=4 skip=0 ===
