[101/199] 狭义相对论 | ?
   FAIL no_search_result (6.6s)
[102/199] 量子史话 | ?
   OK [epub] 5609KB 16.4s  量子史话.epub
[103/199] 时间简史 | 史蒂芬·霍金
   OK [epub] 39599KB 46.0s  时间简史__史蒂芬·霍金.epub
[104/199] 大数据 | ?
   OK [epub] 2900KB 10.4s  大数据.epub
[105/199] 人工智能 | ?
   OK [epub] 1019KB 10.0s  人工智能.epub
[106/199] 圣经 | ?
   FAIL no_search_result (7.0s)
[107/199] 古兰经 | ?
   FAIL no_search_result (10.6s)
[108/199] 向知识分子介绍佛学 | ?
   OK [pdf] 5411KB 16.0s  向知识分子介绍佛学.pdf
[109/199] 中国四大名著 | ?
   OK [azw3] 27838KB 25.1s  中国四大名著.azw3
[110/199] 唐诗宋词 | ?
   OK [epub] 17081KB 21.2s  唐诗宋词.epub
[111/199] 猎魔人 | 安德烈·斯帕克沃夫斯基
   OK [mobi] 732KB 9.9s  猎魔人__安德烈·斯帕克沃夫斯基.mobi
[112/199] 我们时代的神经症人格 | 卡伦·霍妮
   OK [epub] 290KB 9.6s  我们时代的神经症人格__卡伦·霍妮.epub
[113/199] 叔本华的治疗 | 欧文·亚隆
   OK [mobi] 616KB 12.5s  叔本华的治疗__欧文·亚隆.mobi
[114/199] 七种武器 | 古龙
   FAIL no_search_result (10.7s)
[115/199] 小李飞刀（第一部） | 古龙
   OK [mobi] 857KB 11.9s  小李飞刀（第一部）__古龙.mobi
[116/199] 天龙八部 | 金庸
   OK [epub] 3612KB 11.2s  天龙八部__金庸.epub
[117/199] 来自新世界 | 贵志祐介
   OK [epub] 824KB 12.0s  来自新世界__贵志祐介.epub
[118/199] 蛤蟆先生去看心理医生 | 罗伯特·戴博德
   OK [azw3] 517KB 12.1s  蛤蟆先生去看心理医生__罗伯特·戴博德.azw3
[119/199] 哈利·波特系列（7部） | J.K.罗琳
   FAIL no_libgen_link (17.1s)
[120/199] 社会心理学 | 戴维·迈尔斯
   OK [mobi] 377KB 16.9s  社会心理学__戴维·迈尔斯.mobi
[121/199] 追风筝的人 | 卡勒德·胡赛尼
   OK [epub] 200KB 11.1s  追风筝的人__卡勒德·胡赛尼.epub
[122/199] 巨流河 | 齐邦媛
   OK [epub] 476KB 7.7s  巨流河__齐邦媛.epub
[123/199] 穿越百年中东 | 郭建龙
   OK [epub] 6407KB 12.6s  穿越百年中东__郭建龙.epub
[124/199] 鱼羊野史 | 高晓松
   OK [mobi] 336KB 14.4s  鱼羊野史__高晓松.mobi
[125/199] 中国大历史 | 黄仁宇
   OK [epub] 7749KB 23.0s  中国大历史__黄仁宇.epub
[126/199] 极简欧洲史 | 约翰·赫斯特
   OK [epub] 195KB 13.1s  极简欧洲史__约翰·赫斯特.epub
[127/199] 沉思录 | 马可·奥勒留
   OK [epub] 365KB 8.7s  沉思录__马可·奥勒留.epub
[128/199] 论人类不平等的起源和基础 | 卢梭
   FAIL no_search_result (9.3s)
[129/199] 次第花开 | 希阿荣博堪布
   OK [azw3] 1779KB 14.7s  次第花开__希阿荣博堪布.azw3
[130/199] 原则 | 瑞·达利欧
   OK [mobi] 4189KB 43.4s  原则__瑞·达利欧.mobi
[131/199] 幸福之路 | 伯特兰·罗素
   OK [epub] 696KB 16.4s  幸福之路__伯特兰·罗素.epub
[132/199] 唐浩明评点曾国藩家书 | 唐浩明
   OK [epub] 884KB 16.3s  唐浩明评点曾国藩家书__唐浩明.epub
[133/199] 人间词话 | 王国维
   FAIL no_libgen_link (21.5s)
[134/199] 西游记 | 吴承恩
   FAIL no_search_result (11.4s)
[135/199] 三国演义 | 罗贯中
   FAIL no_libgen_link (131.6s)
[136/199] 水浒传 | 施耐庵
   FAIL no_libgen_link (29.1s)
[137/199] 谈美 | 朱光潜
   FAIL no_search_result (11.3s)
[138/199] 我们仨 | 杨绛
   OK [mobi] 421KB 88.1s  我们仨__杨绛.mobi
[139/199] 自在独行 | 贾平凹
   OK [epub] 327KB 8.7s  自在独行__贾平凹.epub
[140/199] 平如美棠我俩的故事 | 饶平如
   OK [epub] 13286KB 23.7s  平如美棠我俩的故事__饶平如.epub
[141/199] 少有人走的路 | M·斯科特·派克
   OK [epub] 445KB 12.1s  少有人走的路__M·斯科特·派克.epub
[142/199] 自卑与超越 | 阿尔弗雷德·阿德勒
   OK [mobi] 430KB 14.4s  自卑与超越__阿尔弗雷德·阿德勒.mobi
[143/199] 梦的解析 | 弗洛伊德
   OK [epub] 155KB 7.6s  梦的解析__弗洛伊德.epub
[144/199] 自控力 | 凯利·麦格尼格尔
   OK [epub] 389KB 11.5s  自控力__凯利·麦格尼格尔.epub
[145/199] 南明史 | 顾诚
   OK [azw3] 4811KB 21.2s  南明史__顾诚.azw3
[146/199] 吕著中国通史 | 吕思勉
   OK [epub] 14131KB 40.3s  吕著中国通史__吕思勉.epub
[147/199] 白话本国史 | 吕思勉
   OK [mobi] 11735KB 18.3s  白话本国史__吕思勉.mobi
[148/199] 国史大纲 | 钱穆
   OK [epub] 5413KB 17.5s  国史大纲__钱穆.epub
[149/199] 柏杨资治通鉴 | 柏杨
   OK [mobi] 315KB 17.4s  柏杨资治通鉴__柏杨.mobi
[150/199] 中国人史纲 | 柏杨
   OK [epub] 15871KB 15.0s  中国人史纲__柏杨.epub
[151/199] 易中天中华史 | 易中天
   OK [epub] 1053KB 9.4s  易中天中华史__易中天.epub
[152/199] 纲鉴易知录 | 吴乘权等
   OK [epub] 3588KB 12.4s  纲鉴易知录__吴乘权等.epub
[153/199] 汉书 | 班固
   OK [epub] 154KB 13.7s  汉书__班固.epub
[154/199] 资治通鉴 | 司马光
   OK [epub] 4862KB 24.4s  资治通鉴__司马光.epub
[155/199] 白鹿原 | 陈忠实
   OK [epub] 2429KB 14.0s  白鹿原__陈忠实.epub
[156/199] 小王子 | 圣埃克苏佩里
   OK [epub] 338KB 12.0s  小王子__圣埃克苏佩里.epub
[157/199] 牧羊少年奇幻之旅 | 保罗·柯艾略
   OK [mobi] 245KB 13.2s  牧羊少年奇幻之旅__保罗·柯艾略.mobi
[158/199] 汤姆·索亚历险记 | 马克·吐温
   OK [epub] 223KB 12.2s  汤姆·索亚历险记__马克·吐温.epub
[159/199] 月亮与六便士 | 毛姆
   OK [epub] 448KB 18.5s  月亮与六便士__毛姆.epub
[160/199] 八十一梦 | 张恨水
   OK [epub] 279KB 15.1s  八十一梦__张恨水.epub
[161/199] 人类群星闪耀时 | 斯蒂芬·茨威格
   OK [epub] 663KB 9.4s  人类群星闪耀时__斯蒂芬·茨威格.epub
[162/199] 一片流云 | 詹姆斯·乔伊斯
   OK [azw3] 382KB 10.2s  一片流云__詹姆斯·乔伊斯.azw3
[163/199] 祛魅 | 罗伯特·纳伯格
   OK [epub] 675KB 21.0s  祛魅__罗伯特·纳伯格.epub
[164/199] 汪国真精选集 | 汪国真
   FAIL no_libgen_link (13.7s)
[165/199] 心流 | 米哈里·契克森米哈赖
   OK [azw3] 1472KB 176.6s  心流__米哈里·契克森米哈赖.azw3
[166/199] 提升认知的37本书单 | ?
   OK [epub] 2458KB 20.6s  提升认知的37本书单.epub
[167/199] 提升思维认知的10本书 | ?
   OK [epub] 2458KB 19.1s  提升思维认知的10本书.epub
[168/199] 小狗钱钱 | 博多·舍费尔
   OK [epub] 1775KB 60.1s  小狗钱钱__博多·舍费尔.epub
[169/199] 富爸爸穷爸爸 | 罗伯特·清崎
   OK [epub] 1616KB 13.0s  富爸爸穷爸爸__罗伯特·清崎.epub
[170/199] 财富自由之路 | 李笑来
   OK [epub] 1253KB 72.7s  财富自由之路__李笑来.epub
[171/199] 投资中最简单的事 | 邱国鹭
   OK [epub] 693KB 8.5s  投资中最简单的事__邱国鹭.epub
[172/199] 聪明的投资者 | 本杰明·格雷厄姆
   OK [epub] 272KB 10.4s  聪明的投资者__本杰明·格雷厄姆.epub
[173/199] 证券分析 | 格雷厄姆 / 多德
   OK [epub] 21427KB 26.8s  证券分析__格雷厄姆.epub
[174/199] 牛奶可乐经济学 | 罗伯特·弗兰克
   OK [epub] 167KB 19.6s  牛奶可乐经济学__罗伯特·弗兰克.epub
[175/199] 彼得·林奇的成功投资 | 彼得·林奇
   OK [epub] 327KB 8.6s  彼得·林奇的成功投资__彼得·林奇.epub
[176/199] 投资最重要的事 | 霍华德·马克斯
   OK [epub] 723KB 10.7s  投资最重要的事__霍华德·马克斯.epub
[177/199] 共同基金常识 | 约翰·博格
   OK [epub] 6845KB 9.7s  共同基金常识__约翰·博格.epub
[178/199] Python Cookbook | David Beazley / Brian K. Jones
   OK [epub] 1848KB 9.9s  Python Cookbook__David Beazley.epub
[179/199] 编码：隐匿在计算机软硬件背后的语言 | Charles Petzold
   OK [epub] 11864KB 23.0s  编码：隐匿在计算机软硬件背后的语言__Charles Petzold.epub
[180/199] 深入理解计算机系统 | Randal E. Bryant / David O'Hallaron
   OK [epub] 134KB 10.7s  深入理解计算机系统__Randal E. Bryant.epub
[181/199] 算法设计 | Jon Kleinberg / Éva Tardos
   OK [pdf] 3391KB 19.6s  算法设计__Jon Kleinberg.pdf
[182/199] 数据密集型应用系统设计 | Martin Kleppmann
   OK [mobi] 11138KB 13.5s  数据密集型应用系统设计__Martin Kleppmann.mobi
[183/199] TCP/IP详解 | W. Richard Stevens
   OK [epub] 31495KB 25.1s  TCP_IP详解__W. Richard Stevens.epub
[184/199] 算法导论 | Thomas H. Cormen 等
   OK [pdf] 109096KB 125.0s  算法导论__Thomas H. Cormen 等.pdf
[185/199] C语言程序设计：现代方法 | K. N. King
   OK [pdf] 11836KB 28.2s  C语言程序设计：现代方法__K. N. King.pdf
[186/199] 人工智能：现代方法 | Stuart Russell / Peter Norvig
   OK [mobi] 2294KB 13.3s  人工智能：现代方法__Stuart Russell.mobi
[187/199] 编程珠玑 | Jon Bentley
   OK [epub] 1751KB 11.2s  编程珠玑__Jon Bentley.epub
[188/199] 代码大全 | Steve McConnell
   OK [mobi] 2978KB 10.4s  代码大全__Steve McConnell.mobi
[189/199] 重构 | Martin Fowler
   OK [epub] 3237KB 10.0s  重构__Martin Fowler.epub
[190/199] 设计模式 | Erich Gamma 等（GoF）
   OK [epub] 8298KB 10.3s  设计模式__Erich Gamma 等.epub
[191/199] 人月神话 | Frederick P. Brooks Jr.
   OK [epub] 2496KB 32.1s  人月神话__Frederick P. Brooks Jr.epub
[192/199] Effective Java | Joshua Bloch
   OK [epub] 340KB 13.2s  Effective Java__Joshua Bloch.epub
[193/199] Java编程思想 | Bruce Eckel
   OK [epub] 1307KB 8.2s  Java编程思想__Bruce Eckel.epub
[194/199] 深度探索C++对象模型 | Stanley B. Lippman
   OK [pdf] 11224KB 98.4s  深度探索C++对象模型__Stanley B. Lippman.pdf
[195/199] STL源码剖析 | 侯捷
   OK [pdf] 6370KB 15.0s  STL源码剖析__侯捷.pdf
[196/199] 做哲学：88个思想实验中的哲学导论 | ?
   OK [epub] 2458KB 138.2s  做哲学：88个思想实验中的哲学导论.epub
[197/199] 苏菲的世界 | 乔斯坦·贾德
   OK [epub] 428KB 18.9s  苏菲的世界__乔斯坦·贾德.epub
[198/199] 理想国 | 柏拉图
   FAIL no_libgen_link (53.0s)
[199/199] 西方哲学史（学术版） | ?
   FAIL no_libgen_link (25.0s)

=== DONE this run: ok=85 fail=14 skip=0 ===
