审计 200 文件 | 标题匹配 120 | 可疑 113
pdftotext=有

=== 可疑清单（需人工确认）===
  [pdf] C语言程序设计：现代方法__K. N. King.pdf
       问题: 标题疑似不符
       内部标题: 'I N TERNATIONAL'  页数:534  字符:3694  11.56MB
  [epub] Effective Java__Joshua Bloch.epub
       问题: 页数偏少(6)
       内部标题: 'Effective Java: Programming Language Guide'  页数:6  字符:634329  0.33MB
  [pdf] STL源码剖析__侯捷.pdf
       问题: 标题疑似不符, 扫描版/无可提取文本(232字)
       内部标题: '無限延伸你的視野'  页数:259  字符:232  6.22MB
  [epub] TCP_IP详解__W. Richard Stevens.epub
       问题: 标题疑似不符
       内部标题: 'TCP-IP详解卷三：TCP事务协议，HTTP，NNTP和UNIX域协议'  页数:55  字符:295834  30.76MB
  [azw3] 一片流云__詹姆斯·乔伊斯.azw3
       问题: 标题疑似不符
       内部标题: 'Yi_Pian_Liu_Yun__Qiao_Yi_Si_Dua'  页数:None  字符:0  0.37MB
  [mobi] 七种武器__古龙.mobi
       问题: 标题疑似不符
       内部标题: 'DHMU'  页数:None  字符:0  2.66MB
  [epub] 丑陋的日本人.epub
       问题: 页数偏少(7), 体积偏小(111.0KB)
       内部标题: '丑陋的日本人'  页数:7  字符:82056  0.11MB
  [pdf] 个人形成论__罗杰斯.pdf
       问题: 扫描版/无可提取文本(0字)
       内部标题: ''  页数:421  字符:0  9.72MB
  [epub] 中国人史纲__柏杨.epub
       问题: 页数偏少(10)
       内部标题: '中国人史纲'  页数:10  字符:742078  15.5MB
  [azw3] 中国四大名著.azw3
       问题: 标题疑似不符
       内部标题: 'CR!J3RNHSTV3D0RF4J8A254SD40209H'  页数:None  字符:0  27.19MB
  [pdf] 中国方术正考__李零.pdf
       问题: 扫描版/无可提取文本(0字)
       内部标题: ''  页数:464  字符:0  24.02MB
  [azw3] 亚洲教父：香港、东南亚的金钱和权力.azw3
       问题: 标题疑似不符
       内部标题: 'Ya_Zhou_Jiao_Fu__Xiang_Gang_,_D'  页数:None  字符:0  1.38MB
  [mobi] 人工智能：现代方法__Stuart Russell.mobi
       问题: 标题疑似不符
       内部标题: 'Ren_Gong_Zhi_Neng_----_Yi_Zhong'  页数:None  字符:0  2.24MB
  [epub] 今日简史__尤瓦尔·赫拉利.epub
       问题: 页数偏少(7)
       内部标题: '今日简史：人类命运大议题'  页数:7  字符:662485  0.6MB
  [pdf] 从牛顿、达尔文到巴菲特—投资的格栅理论.pdf
       问题: 标题疑似不符
       内部标题: '查看更多教程>>'  页数:205  字符:1571  4.1MB
  [mobi] 代码大全__Steve McConnell.mobi
       问题: 标题疑似不符
       内部标题: 'epubor.com'  页数:None  字符:0  2.91MB
  [epub] 以赛亚伯林文集.epub
       问题: 标题疑似不符
       内部标题: '启蒙的时代：十八世纪哲学家 (人文与社会译丛)'  页数:16  字符:221537  0.43MB
  [epub] 做哲学：88个思想实验中的哲学导论.epub
       问题: 标题疑似不符
       内部标题: '异类心理学：40个改变认知的疯狂思想实验【日本人气哲学家、人类文化学博士小川仁志，教你提升认知优势，'  页数:54  字符:24993  2.4MB
  [epub] 全球通史.epub
       问题: 页数偏少(8)
       内部标题: '全球通史：从史前史到21世纪(第7版）(上册)'  页数:8  字符:601502  52.45MB
  [mobi] 六祖坛经.mobi
       问题: 标题疑似不符, 体积偏小(115.0KB)
       内部标题: 'Liu_Zu_Tan_Jing'  页数:None  字符:0  0.11MB
  [mobi] 出圈__叶明桂.mobi
       问题: 标题疑似不符
       内部标题: 'Chu_Quan__Ren_Ren_Neng_Kan_Jian'  页数:None  字符:0  0.96MB
  [mobi] 包法利夫人__福楼拜.mobi
       问题: 标题疑似不符
       内部标题: 'Bao_Fa_Li_Fu_Ren'  页数:None  字符:0  0.73MB
  [epub] 十万个为什么.epub
       问题: 页数偏少(5)
       内部标题: '十万个为什么（全集）'  页数:5  字符:293475  0.28MB
  [azw3] 南明史__顾诚.azw3
       问题: 标题疑似不符
       内部标题: 'Nan_Ming_Shi_(Quan_2Ce_)(Nei_Do'  页数:None  字符:0  4.7MB
  [epub] 历史大脉络__许倬云.epub
       问题: 标题疑似不符
       内部标题: '许倬云说历史:现代文明的成坏'  页数:32  字符:10987  2.53MB
  [epub] 历史的经验.epub
       问题: 页数偏少(2)
       内部标题: '南怀瑾选集 历史的经验'  页数:2  字符:182454  0.33MB
  [mobi] 原则__瑞·达利欧.mobi
       问题: 标题疑似不符
       内部标题: 'epubor.com'  页数:None  字符:0  4.09MB
  [mobi] 双面人：转型乡村中的人生、欲望与社会心态__谭同学.mobi
       问题: 标题疑似不符
       内部标题: 'Shuang_Mian_Ren__Zhuan_Xing_Xia'  页数:None  字符:0  2.53MB
  [mobi] 叔本华的治疗__欧文·亚隆.mobi
       问题: 标题疑似不符
       内部标题: 'Shu_Ben_Hua_De_Yan_Lei__Shu_Ben'  页数:None  字符:0  0.6MB
  [azw3] 变形记 _ 审判__卡夫卡.azw3
       问题: 标题疑似不符
       内部标题: 'CR!3RFVKZ2YT94WNCB3VPDHE2A7P1E3'  页数:None  字符:0  3.33MB
  [pdf] 古兰经.pdf
       问题: 扫描版/无可提取文本(0字)
       内部标题: ''  页数:612  字符:0  35.92MB
  [pdf] 向知识分子介绍佛学.pdf
       问题: 扫描版/无可提取文本(0字)
       内部标题: ''  页数:158  字符:0  5.28MB
  [epub] 君主论__马基雅维利.epub
       问题: 页数偏少(14)
       内部标题: '君主论•论李维(最新全译本)'  页数:14  字符:272679  0.56MB
  [epub] 哈利·波特系列（7部）__J.K.罗琳.epub
       问题: 标题疑似不符
       内部标题: 'Harry Potter - A Journey Through A History of Magi'  页数:216  字符:92004  38.85MB
  [epub] 哲学家都干了什么__林欣浩.epub
       问题: 标题疑似不符, 页数偏少(5)
       内部标题: '哲学家们都干了什么？'  页数:5  字符:269384  0.32MB
  [epub] 哲学导论：综合原典教程__罗伯特·C.所罗门.epub
       问题: 页数偏少(3)
       内部标题: '哲学导论:综合原典阅读教程'  页数:3  字符:733363  1.28MB
  [epub] 唐浩明评点曾国藩家书__唐浩明.epub
       问题: 页数偏少(3)
       内部标题: '唐浩明评点曾国藩家书 (上下合集)'  页数:3  字符:824358  0.86MB
  [epub] 国富国穷.epub
       问题: 页数偏少(10)
       内部标题: '国富国穷'  页数:10  字符:188890  0.35MB
  [epub] 圣经新约.epub
       问题: 标题疑似不符
       内部标题: '新约圣经'  页数:7120  字符:47357  5.31MB
  [pdf] 复分析：可视化方法.pdf
       问题: 扫描版/无可提取文本(0字)
       内部标题: ''  页数:541  字符:0  46.27MB
  [mobi] 大国兴衰.mobi
       问题: 标题疑似不符
       内部标题: 'Da_Guo_Xing_Shuai_----Quan_Qiu_'  页数:None  字符:0  0.95MB
  [epub] 大数据.epub
       问题: 页数偏少(3)
       内部标题: '决策知识自动化 大数据时代的商业决策分析方法'  页数:3  字符:286776  2.83MB
  [epub] 天意__钱莉芳.epub
       问题: 页数偏少(10)
       内部标题: '天意'  页数:10  字符:213981  0.5MB
  [epub] 契诃夫短篇小说全集__契诃夫.epub
       问题: 标题疑似不符, 页数偏少(4)
       内部标题: 'The Duel and Other Stories (决斗与契诃夫其它短篇) (免费公版书)'  页数:4  字符:478694  0.28MB
  [azw3] 如何阅读一本书__莫提默·J.艾德勒.azw3
       问题: 标题疑似不符
       内部标题: 'CR!ZN7D0JBYC15PSAEAXN96S3KMV9HF'  页数:None  字符:0  1.59MB
  [epub] 孙子兵法__孙武.epub
       问题: 页数偏少(4)
       内部标题: '《三十六计与孙子兵法》'  页数:4  字符:182744  2.01MB
  [epub] 安娜卡列尼娜__托尔斯泰.epub
       问题: 标题疑似不符
       内部标题: '安娜•卡列尼娜(套装共2册) (世界文学文库) (新版百部世界文学文库)'  页数:16  字符:388775  1.7MB
  [mobi] 小李飞刀（第一部）__古龙.mobi
       问题: 标题疑似不符
       内部标题: 'Gu_Long_Wen_Ji__Xiao_Li_Fei_Dao'  页数:None  字符:0  0.84MB
  [mobi] 小王子__圣埃克苏佩里.mobi
       问题: 标题疑似不符
       内部标题: 'CR!NNM91YB9G57ZN7RNF4PASD00TY1V'  页数:None  字符:0  7.22MB
  [epub] 少有人走的路__M·斯科特·派克.epub
       问题: 页数偏少(3)
       内部标题: '少有人走的路'  页数:3  字符:223168  0.43MB
  [epub] 局外人__加缪.epub
       问题: 页数偏少(7)
       内部标题: '局外人（加缪作品精装版）'  页数:7  字符:79552  0.2MB
  [azw3] 巨变：当代政治与经济的起源__卡尔·波兰尼.azw3
       问题: 标题疑似不符
       内部标题: 'CR!AG4AKJANQN1Z160557NZA5RVZY69'  页数:None  字符:0  0.91MB
  [epub] 平如美棠我俩的故事__饶平如.epub
       问题: 标题疑似不符
       内部标题: '平如美棠：我俩的故事（2013年度中国最美的书，感动柴静、姚晨、朱赢椿的故事，一个普通中国家庭六十载'  页数:36  字符:16130  12.98MB
  [epub] 当代中国政府与政治__景跃进等.epub
       问题: 页数偏少(1)
       内部标题: '当代中国政府与政治'  页数:1  字符:97235  156.17MB
  [epub] 彼得·林奇的成功投资__彼得·林奇.epub
       问题: 页数偏少(5)
       内部标题: '彼得林奇的成功投资'  页数:5  字符:387245  0.32MB
  [azw3] 心流__米哈里·契克森米哈赖.azw3
       问题: 标题疑似不符
       内部标题: 'CR!078DTVY9RH4PNASJNTS2H3QNH03N'  页数:None  字符:0  1.44MB
  [epub] 心理学与生活__理查德·格里格.epub
       问题: 页数偏少(5)
       内部标题: '心理学与生活'  页数:5  字符:169732  0.24MB
  [mobi] 我们仨__杨绛.mobi
       问题: 标题疑似不符
       内部标题: 'Wo_Men_Sa'  页数:None  字符:0  0.41MB
  [pdf] 房权政治：中国城市社区的业主维权__吴晓林.pdf
       问题: 扫描版/无可提取文本(0字)
       内部标题: ''  页数:308  字符:0  103.3MB
  [epub] 提升思维认知的10本书.epub
       问题: 标题疑似不符
       内部标题: '异类心理学：40个改变认知的疯狂思想实验【日本人气哲学家、人类文化学博士小川仁志，教你提升认知优势，'  页数:59  字符:28682  2.4MB
  [epub] 提升认知的37本书单.epub
       问题: 标题疑似不符
       内部标题: '异类心理学：40个改变认知的疯狂思想实验【日本人气哲学家、人类文化学博士小川仁志，教你提升认知优势，'  页数:54  字符:24993  2.4MB
  [pdf] 数学家的眼界__张景中.pdf
       问题: 扫描版/无可提取文本(0字)
       内部标题: ''  页数:85  字符:0  2.66MB
  [mobi] 数据密集型应用系统设计__Martin Kleppmann.mobi
       问题: 标题疑似不符
       内部标题: 'She_Ji_Shu_Ju_Mi_Ji_Xing_Ying_Y'  页数:None  字符:0  10.88MB
  [pdf] 新概念几何__张景中.pdf
       问题: 扫描版/无可提取文本(0字)
       内部标题: ''  页数:329  字符:0  3.86MB
  [epub] 明朝那些事儿__当年明月.epub
       问题: 页数偏少(5)
       内部标题: '明朝那些事儿'  页数:5  字符:532796  0.61MB
  [pdf] 杜工部集__杜甫.pdf
       问题: 扫描版/无可提取文本(0字)
       内部标题: ''  页数:417  字符:0  5.37MB
  [epub] 极简欧洲史__约翰·赫斯特.epub
       问题: 页数偏少(8)
       内部标题: '你一定爱读的极简欧洲史'  页数:8  字符:113125  0.19MB
  [mobi] 柏杨资治通鉴__柏杨.mobi
       问题: 标题疑似不符
       内部标题: 'YPWACDED'  页数:None  字符:0  0.31MB
  [epub] 梦的解析__弗洛伊德.epub
       问题: 页数偏少(5)
       内部标题: '梦的解析'  页数:5  字符:2237  0.15MB
  [azw3] 横空出世 _ 原子弹出世记 _ 原子弹秘史.azw3
       问题: 标题疑似不符
       内部标题: 'Heng_Kong_Chu_Shi__He_Wu_Li_Yu_'  页数:None  字符:0  22.18MB
  [azw3] 次第花开__希阿荣博堪布.azw3
       问题: 标题疑似不符
       内部标题: 'CR!RZQS3VWNGD6CNCFD3GWQGYDY4XEJ'  页数:None  字符:0  1.74MB
  [pdf] 水浒传__施耐庵.pdf
       问题: 扫描版/无可提取文本(0字)
       内部标题: ''  页数:456  字符:0  21.32MB
  [pdf] 河湾__奈保尔.pdf
       问题: 扫描版/无可提取文本(0字)
       内部标题: ''  页数:311  字符:0  12.88MB
  [epub] 注意力：专注的科学与训练__让-菲利普·拉夏.epub
       问题: 页数偏少(4)
       内部标题: '注意力：专注的科学与训练'  页数:4  字符:274074  3.33MB
  [epub] 深入理解计算机系统__Randal E. Bryant.epub
       问题: 页数偏少(4), 体积偏小(135.0KB)
       内部标题: "深入理解计算机系统（原书第2版）&lt;script&gt;alter('x')&lt;/scrip"  页数:4  字符:207126  0.13MB
  [pdf] 深度探索C++对象模型__Stanley B. Lippman.pdf
       问题: 扫描版/无可提取文本(0字)
       内部标题: ''  页数:356  字符:0  10.96MB
  [epub] 牛奶可乐经济学__罗伯特·弗兰克.epub
       问题: 页数偏少(10)
       内部标题: '牛奶可乐经济学'  页数:10  字符:175850  0.16MB
  [mobi] 牧羊少年奇幻之旅__保罗·柯艾略.mobi
       问题: 标题疑似不符
       内部标题: 'Mu_Yang_Shao_Nian_Qi_Huan_Zhi_L'  页数:None  字符:0  0.24MB
  [pdf] 特殊函数概论__王竹溪.pdf
       问题: 扫描版/无可提取文本(0字)
       内部标题: ''  页数:774  字符:0  14.81MB
  [pdf] 狭义相对论.pdf
       问题: 扫描版/无可提取文本(0字)
       内部标题: ''  页数:335  字符:0  7.32MB
  [mobi] 猎魔人__安德烈·斯帕克沃夫斯基.mobi
       问题: 标题疑似不符
       内部标题: 'Xi_Mo_Ren_1_Bai_Lang_Jue_Qi'  页数:None  字符:0  0.72MB
  [mobi] 白话本国史__吕思勉.mobi
       问题: 标题疑似不符
       内部标题: 'Bai_Hua_Ben_Guo_Shi'  页数:None  字符:0  11.46MB
  [epub] 社会心理学__戴维·迈尔斯.epub
       问题: 页数偏少(14)
       内部标题: '社会心理学纲要(第6版)（迈尔斯《社会心理学》的精华版） (社会心理学精品译丛)'  页数:14  字符:41128  3.01MB
  [pdf] 科学作为天职 _ 政治作为天职__马克斯·韦伯.pdf
       问题: 扫描版/无可提取文本(0字)
       内部标题: ''  页数:360  字符:0  8.43MB
  [pdf] 第三帝国兴亡史.pdf
       问题: 扫描版/无可提取文本(0字)
       内部标题: ''  页数:227  字符:0  50.87MB
  [pdf] 算法导论__Thomas H. Cormen 等.pdf
       问题: 扫描版/无可提取文本(0字)
       内部标题: ''  页数:794  字符:0  106.54MB
  [pdf] 算法设计__Jon Kleinberg.pdf
       问题: 扫描版/无可提取文本(0字)
       内部标题: ''  页数:864  字符:0  3.31MB
  [mobi] 红楼梦__曹雪芹.mobi
       问题: 标题疑似不符
       内部标题: 'WQK'  页数:None  字符:0  3.23MB
  [epub] 红色资本__卡尔·沃尔特.epub
       问题: 页数偏少(3)
       内部标题: 'Red Capitalism红色资本'  页数:3  字符:648707  3.3MB
  [epub] 编码：隐匿在计算机软硬件背后的语言__Charles Petzold.epub
       问题: 页数偏少(8)
       内部标题: '《编码：隐匿在计算机软硬件背后的语言》'  页数:8  字符:1376382  11.59MB
  [pdf] 美洲三书.pdf
       问题: 扫描版/无可提取文本(0字)
       内部标题: ''  页数:346  字符:0  7.01MB
  [mobi] 美的历程__李泽厚.mobi
       问题: 标题疑似不符
       内部标题: 'Mei_De_Li_Cheng'  页数:None  字符:0  3.76MB
  [epub] 背德者 _ 窄门__纪德.epub
       问题: 标题疑似不符
       内部标题: '背德者·窄门'  页数:36  字符:31826  18.64MB
  [epub] 能量的真相.epub
       问题: 标题疑似不符
       内部标题: '幸福的三个真相：让你的身体、头脑、能量支持你实现快乐生活'  页数:60  字符:16089  0.53MB
  [mobi] 自卑与超越__阿尔弗雷德·阿德勒.mobi
       问题: 标题疑似不符
       内部标题: 'Zi_Bei_Yu_Chao_Yue'  页数:None  字符:0  0.42MB
  [epub] 自在独行__贾平凹.epub
       问题: 页数偏少(12)
       内部标题: '自在独行'  页数:12  字符:175145  0.32MB
  [epub] 自然界中的分形几何__Mandelbrot.epub
       问题: 标题疑似不符
       内部标题: 'The Fractal Geometry of Nature'  页数:569  字符:62739  5.91MB
  [azw3] 芝加哥大学论文写作指南__凯特·L.杜拉宾.azw3
       问题: 标题疑似不符
       内部标题: 'Zhi_Jia_Ge_Da_Xue_Lun_Wen_Xie_Z'  页数:None  字符:0  11.43MB
  [azw3] 蛤蟆先生去看心理医生__罗伯特·戴博德.azw3
       问题: 标题疑似不符
       内部标题: 'CR!0RPDHMQ1R50D536DX2CK1CEWAZH1'  页数:None  字符:0  0.51MB
  [pdf] 西方哲学史（学术版）.pdf
       问题: 标题疑似不符
       内部标题: '书在版编目 (CIP) 数据'  页数:350  字符:697  16.01MB
  [epub] 规训与惩罚__福柯.epub
       问题: 页数偏少(5)
       内部标题: '规训与惩罚:监狱的诞生'  页数:5  字符:234139  0.37MB
  [mobi] 论人类不平等的起源和基础__卢梭.mobi
       问题: 标题疑似不符
       内部标题: 'UERNZXYXQMGA'  页数:None  字符:0  1.02MB
  [pdf] 读书教学四十年__杨振宁.pdf
       问题: 页数偏少(6)
       内部标题: '读 书 教 学 四 十 年'  页数:6  字符:8833  0.52MB
  [mobi] 谈美__朱光潜.mobi
       问题: 标题疑似不符
       内部标题: 'CR!5A419KKKG1315AFVSCB5KXWFCEJW'  页数:None  字符:0  14.43MB
  [epub] 跨越边界的社区：北京“浙江村”的生活史__项飙.epub
       问题: 页数偏少(3)
       内部标题: '跨越边界的社区：北京浙江村的生活史'  页数:3  字符:52672  19.87MB
  [epub] 追忆似水年华__普鲁斯特.epub
       问题: 页数偏少(5)
       内部标题: '追忆似水年华:在少女花影下'  页数:5  字符:168764  0.22MB
  [epub] 追风筝的人__卡勒德·胡赛尼.epub
       问题: 页数偏少(9)
       内部标题: '追风筝的人'  页数:9  字符:144114  0.2MB
  [mobi] 逻辑哲学论__维特根斯坦.mobi
       问题: 标题疑似不符
       内部标题: 'Luo_Ji_Zhe_Xue_Lun'  页数:None  字符:0  0.44MB
  [pdf] 集合论基础教程__张峰.pdf
       问题: 标题疑似不符, 扫描版/无可提取文本(136字)
       内部标题: '集合论导引'  页数:327  字符:136  98.13MB
  [pdf] 集异壁之大成__侯世达.pdf
       问题: 扫描版/无可提取文本(0字)
       内部标题: ''  页数:1091  字符:0  39.93MB
  [epub] 霍乱时期的爱情__加西亚·马尔克斯.epub
       问题: 页数偏少(13)
       内部标题: '霍乱时期的爱情'  页数:13  字符:147599  0.43MB
  [mobi] 鱼羊野史__高晓松.mobi
       问题: 标题疑似不符
       内部标题: 'UUQO'  页数:None  字符:0  0.33MB
  [epub] 鲁迅作品集__鲁迅.epub
       问题: 标题疑似不符
       内部标题: '鲁迅全集（全20卷）'  页数:98  字符:406083  14.73MB
[1/22] STL源码剖析
   未找到文本版，留待OCR
[2/22] 个人形成论
   - removed old: 个人形成论__罗杰斯.pdf
   替换为 [epub] 104335KB  个人形成论__罗杰斯.epub
[3/22] 中国方术正考
   未找到文本版，留待OCR
[4/22] 古兰经
   - removed old: 古兰经.pdf
   替换为 [mobi] 328KB  古兰经.mobi
[5/22] 向知识分子介绍佛学
   未找到文本版，留待OCR
[6/22] 复分析：可视化方法
   - removed old: 复分析：可视化方法.pdf
   替换为 [mobi] 12613KB  复分析：可视化方法.mobi
[7/22] 房权政治：中国城市社区的业主维权
   未找到文本版，留待OCR
[8/22] 数学家的眼界
   - removed old: 数学家的眼界__张景中.pdf
   替换为 [mobi] 878KB  数学家的眼界__张景中.mobi
[9/22] 新概念几何
   未找到文本版，留待OCR
[10/22] 杜工部集
   未找到文本版，留待OCR
[11/22] 水浒传
   未找到文本版，留待OCR
[12/22] 河湾
   未找到文本版，留待OCR
[13/22] 深度探索C++对象模型
   未找到文本版，留待OCR
[14/22] 特殊函数概论
   未找到文本版，留待OCR
[15/22] 狭义相对论
   未找到文本版，留待OCR
[16/22] 科学作为天职 _ 政治作为天职
   - removed old: 科学作为天职 _ 政治作为天职__马克斯·韦伯.pdf
   替换为 [mobi] 1356KB  科学作为天职 _ 政治作为天职__马克斯·韦伯.mobi
[17/22] 第三帝国兴亡史
